  [1m[35m (1.0ms)[0m  [1m[34mSELECT sqlite_version(*)[0m
  [1m[35m (4.5ms)[0m  [1m[35mCREATE TABLE "schema_migrations" ("version" varchar NOT NULL PRIMARY KEY)[0m
  [1m[35m (6.1ms)[0m  [1m[35mCREATE TABLE "ar_internal_metadata" ("key" varchar NOT NULL PRIMARY KEY, "value" varchar, "created_at" datetime(6) NOT NULL, "updated_at" datetime(6) NOT NULL)[0m
  [1m[35m (0.1ms)[0m  [1m[34mSELECT "schema_migrations"."version" FROM "schema_migrations" ORDER BY "schema_migrations"."version" ASC[0m
Migrating to CreateTweets (20210826163544)
  [1m[36mTRANSACTION (0.0ms)[0m  [1m[36mbegin transaction[0m
  [1m[35m (0.2ms)[0m  [1m[35mCREATE TABLE "tweets" ("id" integer PRIMARY KEY AUTOINCREMENT NOT NULL, "tweet" text, "created_at" datetime(6) NOT NULL, "updated_at" datetime(6) NOT NULL)[0m
  [1m[36mActiveRecord::SchemaMigration Create (0.1ms)[0m  [1m[32mINSERT INTO "schema_migrations" ("version") VALUES (?)[0m  [["version", "20210826163544"]]
  [1m[36mTRANSACTION (4.2ms)[0m  [1m[36mcommit transaction[0m
  [1m[36mActiveRecord::InternalMetadata Load (0.1ms)[0m  [1m[34mSELECT "ar_internal_metadata".* FROM "ar_internal_metadata" WHERE "ar_internal_metadata"."key" = ? LIMIT ?[0m  [["key", "environment"], ["LIMIT", 1]]
  [1m[36mTRANSACTION (0.0ms)[0m  [1m[36mbegin transaction[0m
  [1m[36mActiveRecord::InternalMetadata Create (0.1ms)[0m  [1m[32mINSERT INTO "ar_internal_metadata" ("key", "value", "created_at", "updated_at") VALUES (?, ?, ?, ?)[0m  [["key", "environment"], ["value", "development"], ["created_at", "2021-08-26 16:37:15.821400"], ["updated_at", "2021-08-26 16:37:15.821400"]]
  [1m[36mTRANSACTION (2.3ms)[0m  [1m[36mcommit transaction[0m
  [1m[35m (0.0ms)[0m  [1m[34mSELECT sqlite_version(*)[0m
  [1m[35m (0.1ms)[0m  [1m[34mSELECT "schema_migrations"."version" FROM "schema_migrations" ORDER BY "schema_migrations"."version" ASC[0m
Started GET "/" for 127.0.0.1 at 2021-08-26 11:37:47 -0500
  [1m[35m (0.2ms)[0m  [1m[34mSELECT sqlite_version(*)[0m
  [1m[35m (0.1ms)[0m  [1m[34mSELECT "schema_migrations"."version" FROM "schema_migrations" ORDER BY "schema_migrations"."version" ASC[0m
Processing by Rails::WelcomeController#index as HTML
  Rendering /home/mysterionvoice/.rbenv/versions/2.7.2/lib/ruby/gems/2.7.0/gems/railties-6.1.4.1/lib/rails/templates/rails/welcome/index.html.erb
  Rendered /home/mysterionvoice/.rbenv/versions/2.7.2/lib/ruby/gems/2.7.0/gems/railties-6.1.4.1/lib/rails/templates/rails/welcome/index.html.erb (Duration: 44.1ms | Allocations: 442)
Completed 200 OK in 54ms (Views: 46.9ms | ActiveRecord: 0.0ms | Allocations: 3584)


Started GET "/" for 127.0.0.1 at 2021-08-26 11:38:24 -0500
Processing by TweetsController#index as HTML
  Rendering layout layouts/application.html.erb
  Rendering tweets/index.html.erb within layouts/application
  [1m[35m (0.1ms)[0m  [1m[34mSELECT sqlite_version(*)[0m
  ↳ app/views/tweets/index.html.erb:14
  [1m[36mTweet Load (0.1ms)[0m  [1m[34mSELECT "tweets".* FROM "tweets"[0m
  ↳ app/views/tweets/index.html.erb:14
  Rendered tweets/index.html.erb within layouts/application (Duration: 2.8ms | Allocations: 1694)
[Webpacker] Compiling...
[Webpacker] Compiled all packs in /home/mysterionvoice/the_odin_project/twitter-clone/public/packs
[Webpacker] Hash: e2f281de3ea1fdc4fa5a
Version: webpack 4.46.0
Time: 1445ms
Built at: 08/26/2021 11:38:28 AM
                                     Asset       Size       Chunks                         Chunk Names
    js/application-be412d64645010827f4e.js    125 KiB  application  [emitted] [immutable]  application
js/application-be412d64645010827f4e.js.map    139 KiB  application  [emitted] [dev]        application
                             manifest.json  364 bytes               [emitted]              
Entrypoint application = js/application-be412d64645010827f4e.js js/application-be412d64645010827f4e.js.map
[./app/javascript/channels sync recursive _channel\.js$] ./app/javascript/channels sync _channel\.js$ 160 bytes {application} [built]
[./app/javascript/channels/index.js] 211 bytes {application} [built]
[./app/javascript/packs/application.js] 492 bytes {application} [built]
[./node_modules/webpack/buildin/module.js] (webpack)/buildin/module.js 552 bytes {application} [built]
    + 3 hidden modules

  Rendered layout layouts/application.html.erb (Duration: 3986.5ms | Allocations: 21157)
Completed 200 OK in 3989ms (Views: 3987.6ms | ActiveRecord: 0.3ms | Allocations: 22571)


Started GET "/tweets/new" for 127.0.0.1 at 2021-08-26 11:38:33 -0500
Processing by TweetsController#new as HTML
  Rendering layout layouts/application.html.erb
  Rendering tweets/new.html.erb within layouts/application
  Rendered tweets/_form.html.erb (Duration: 9.8ms | Allocations: 3893)
  Rendered tweets/new.html.erb within layouts/application (Duration: 10.4ms | Allocations: 4239)
[Webpacker] Everything's up-to-date. Nothing to do
  Rendered layout layouts/application.html.erb (Duration: 13.5ms | Allocations: 7229)
Completed 200 OK in 18ms (Views: 13.8ms | ActiveRecord: 0.4ms | Allocations: 10314)


Started POST "/tweets" for 127.0.0.1 at 2021-08-26 11:38:41 -0500
Processing by TweetsController#create as HTML
  Parameters: {"authenticity_token"=>"[FILTERED]", "tweet"=>{"tweet"=>"1st tweet"}, "commit"=>"Create Tweet"}
  [1m[36mTRANSACTION (0.0ms)[0m  [1m[36mbegin transaction[0m
  ↳ app/controllers/tweets_controller.rb:27:in `block in create'
  [1m[36mTweet Create (0.2ms)[0m  [1m[32mINSERT INTO "tweets" ("tweet", "created_at", "updated_at") VALUES (?, ?, ?)[0m  [["tweet", "1st tweet"], ["created_at", "2021-08-26 16:38:41.506862"], ["updated_at", "2021-08-26 16:38:41.506862"]]
  ↳ app/controllers/tweets_controller.rb:27:in `block in create'
  [1m[36mTRANSACTION (3.3ms)[0m  [1m[36mcommit transaction[0m
  ↳ app/controllers/tweets_controller.rb:27:in `block in create'
Redirected to http://localhost:3000/tweets/1
Completed 302 Found in 9ms (ActiveRecord: 3.5ms | Allocations: 4699)


Started GET "/tweets/1" for 127.0.0.1 at 2021-08-26 11:38:41 -0500
Processing by TweetsController#show as HTML
  Parameters: {"id"=>"1"}
  [1m[36mTweet Load (0.1ms)[0m  [1m[34mSELECT "tweets".* FROM "tweets" WHERE "tweets"."id" = ? LIMIT ?[0m  [["id", 1], ["LIMIT", 1]]
  ↳ app/controllers/tweets_controller.rb:62:in `set_tweet'
  Rendering layout layouts/application.html.erb
  Rendering tweets/show.html.erb within layouts/application
  Rendered tweets/show.html.erb within layouts/application (Duration: 0.4ms | Allocations: 246)
[Webpacker] Everything's up-to-date. Nothing to do
  Rendered layout layouts/application.html.erb (Duration: 3.0ms | Allocations: 3240)
Completed 200 OK in 6ms (Views: 3.5ms | ActiveRecord: 0.1ms | Allocations: 4708)


Started GET "/tweets" for 127.0.0.1 at 2021-08-26 11:38:50 -0500
Processing by TweetsController#index as HTML
  Rendering layout layouts/application.html.erb
  Rendering tweets/index.html.erb within layouts/application
  [1m[36mTweet Load (0.1ms)[0m  [1m[34mSELECT "tweets".* FROM "tweets"[0m
  ↳ app/views/tweets/index.html.erb:14
  Rendered tweets/index.html.erb within layouts/application (Duration: 1.6ms | Allocations: 805)
[Webpacker] Everything's up-to-date. Nothing to do
  Rendered layout layouts/application.html.erb (Duration: 4.5ms | Allocations: 3794)
Completed 200 OK in 5ms (Views: 4.8ms | ActiveRecord: 0.1ms | Allocations: 4189)


Started GET "/tweets" for 127.0.0.1 at 2021-08-26 11:48:33 -0500
Processing by TweetsController#index as HTML
  Rendering layout layouts/application.html.erb
  Rendering tweets/index.html.erb within layouts/application
  [1m[35m (0.1ms)[0m  [1m[34mSELECT sqlite_version(*)[0m
  ↳ app/views/tweets/index.html.erb:14
  [1m[36mTweet Load (0.1ms)[0m  [1m[34mSELECT "tweets".* FROM "tweets"[0m
  ↳ app/views/tweets/index.html.erb:14
  Rendered tweets/index.html.erb within layouts/application (Duration: 2.8ms | Allocations: 1515)
  Rendered layout layouts/application.html.erb (Duration: 13.2ms | Allocations: 7423)
Completed 500 Internal Server Error in 14ms (ActiveRecord: 0.4ms | Allocations: 7801)


  
ActionView::Template::Error (Error: File to import not found or unreadable: bulma.
        on line 17:2 of app/assets/stylesheets/application.scss
>>  @import "bulma";

   -^
):
     6:     <%= csrf_meta_tags %>
     7:     <%= csp_meta_tag %>
     8: 
     9:     <%= stylesheet_link_tag 'application', media: 'all', 'data-turbolinks-track': 'reload' %>
    10:     <%= javascript_pack_tag 'application', 'data-turbolinks-track': 'reload' %>
    11:   </head>
    12: 
  
app/assets/stylesheets/application.scss:17
app/views/layouts/application.html.erb:9
Started GET "/tweets" for 127.0.0.1 at 2021-08-27 10:58:07 -0500
  [1m[35m (0.9ms)[0m  [1m[34mSELECT sqlite_version(*)[0m
  [1m[35m (0.1ms)[0m  [1m[34mSELECT "schema_migrations"."version" FROM "schema_migrations" ORDER BY "schema_migrations"."version" ASC[0m
Processing by TweetsController#index as HTML
  Rendering layout layouts/application.html.erb
  Rendering tweets/index.html.erb within layouts/application
  [1m[36mTweet Load (0.1ms)[0m  [1m[34mSELECT "tweets".* FROM "tweets"[0m
  ↳ app/views/tweets/index.html.erb:14
  Rendered tweets/index.html.erb within layouts/application (Duration: 4.9ms | Allocations: 3750)
[Webpacker] Everything's up-to-date. Nothing to do
  Rendered layout layouts/application.html.erb (Duration: 902.5ms | Allocations: 120826)
Completed 200 OK in 938ms (Views: 931.9ms | ActiveRecord: 0.4ms | Allocations: 123707)


Started GET "/tweets" for 127.0.0.1 at 2021-08-27 10:58:19 -0500
Processing by TweetsController#index as HTML
  Rendering layout layouts/application.html.erb
  Rendering tweets/index.html.erb within layouts/application
  [1m[36mTweet Load (0.1ms)[0m  [1m[34mSELECT "tweets".* FROM "tweets"[0m
  ↳ app/views/tweets/index.html.erb:14
  Rendered tweets/index.html.erb within layouts/application (Duration: 2.0ms | Allocations: 823)
[Webpacker] Everything's up-to-date. Nothing to do
  Rendered layout layouts/application.html.erb (Duration: 5.7ms | Allocations: 4143)
Completed 200 OK in 7ms (Views: 5.9ms | ActiveRecord: 0.1ms | Allocations: 4550)


Started GET "/tweets" for 127.0.0.1 at 2021-08-27 11:01:28 -0500
Processing by TweetsController#index as HTML
  Rendering layout layouts/application.html.erb
  Rendering tweets/index.html.erb within layouts/application
  [1m[36mTweet Load (0.1ms)[0m  [1m[34mSELECT "tweets".* FROM "tweets"[0m
  ↳ app/views/tweets/index.html.erb:14
  Rendered tweets/index.html.erb within layouts/application (Duration: 1.2ms | Allocations: 814)
[Webpacker] Everything's up-to-date. Nothing to do
  Rendered layout layouts/application.html.erb (Duration: 3.7ms | Allocations: 4135)
Completed 200 OK in 4ms (Views: 3.9ms | ActiveRecord: 0.1ms | Allocations: 4537)


Started GET "/" for 127.0.0.1 at 2021-08-27 11:04:03 -0500
  [1m[35m (0.4ms)[0m  [1m[34mSELECT sqlite_version(*)[0m
  [1m[35m (0.1ms)[0m  [1m[34mSELECT "schema_migrations"."version" FROM "schema_migrations" ORDER BY "schema_migrations"."version" ASC[0m
Processing by TweetsController#index as HTML
  Rendering layout layouts/application.html.erb
  Rendering tweets/index.html.erb within layouts/application
  [1m[36mTweet Load (0.1ms)[0m  [1m[34mSELECT "tweets".* FROM "tweets"[0m
  ↳ app/views/tweets/index.html.erb:14
  Rendered tweets/index.html.erb within layouts/application (Duration: 4.9ms | Allocations: 3750)
[Webpacker] Everything's up-to-date. Nothing to do
  Rendered layout layouts/application.html.erb (Duration: 23.1ms | Allocations: 9711)
Completed 200 OK in 31ms (Views: 24.6ms | ActiveRecord: 0.4ms | Allocations: 12580)


Started GET "/" for 127.0.0.1 at 2021-08-27 11:22:01 -0500
Processing by TweetsController#index as HTML
  Rendering layout layouts/application.html.erb
  Rendering tweets/index.html.erb within layouts/application
  [1m[35m (0.0ms)[0m  [1m[34mSELECT sqlite_version(*)[0m
  ↳ app/views/tweets/index.html.erb:14
  [1m[36mTweet Load (0.1ms)[0m  [1m[34mSELECT "tweets".* FROM "tweets"[0m
  ↳ app/views/tweets/index.html.erb:14
  Rendered tweets/index.html.erb within layouts/application (Duration: 6.1ms | Allocations: 3390)
[Webpacker] Everything's up-to-date. Nothing to do
  Rendered layout layouts/application.html.erb (Duration: 8.8ms | Allocations: 6898)
Completed 200 OK in 11ms (Views: 9.7ms | ActiveRecord: 0.3ms | Allocations: 8312)


Started GET "/" for 127.0.0.1 at 2021-08-27 11:25:50 -0500
Processing by TweetsController#index as HTML
  Rendering layout layouts/application.html.erb
  Rendering tweets/index.html.erb within layouts/application
  [1m[36mTweet Load (0.1ms)[0m  [1m[34mSELECT "tweets".* FROM "tweets"[0m
  ↳ app/views/tweets/index.html.erb:14
  Rendered tweets/index.html.erb within layouts/application (Duration: 2.3ms | Allocations: 1034)
[Webpacker] Everything's up-to-date. Nothing to do
  Rendered layout layouts/application.html.erb (Duration: 6.8ms | Allocations: 4626)
Completed 200 OK in 9ms (Views: 8.3ms | ActiveRecord: 0.1ms | Allocations: 5724)


